[WARNING] /Users/daniel/Documents/njit/WPI-Research/experiments-live/cache2k-wpi/cache2k-api/src/main/java/org/cache2k/io/AsyncCacheLoader.java:[56,8] [purity.deterministic.void.method] a method without return value cannot be deterministic
[WARNING] /Users/daniel/Documents/njit/WPI-Research/experiments-live/cache2k-wpi/cache2k-api/src/main/java/org/cache2k/io/AsyncCacheLoader.java:[133,10] [purity.deterministic.void.method] a method without return value cannot be deterministic
[WARNING] /Users/daniel/Documents/njit/WPI-Research/experiments-live/cache2k-wpi/cache2k-api/src/main/java/org/cache2k/io/AsyncCacheLoader.java:[141,10] [purity.deterministic.void.method] a method without return value cannot be deterministic
[WARNING] /Users/daniel/Documents/njit/WPI-Research/experiments-live/cache2k-wpi/cache2k-api/src/main/java/org/cache2k/Cache.java:[264,8] [purity.deterministic.void.method] a method without return value cannot be deterministic
[WARNING] /Users/daniel/Documents/njit/WPI-Research/experiments-live/cache2k-wpi/cache2k-api/src/main/java/org/cache2k/Cache.java:[510,8] [purity.deterministic.void.method] a method without return value cannot be deterministic
[WARNING] /Users/daniel/Documents/njit/WPI-Research/experiments-live/cache2k-wpi/cache2k-api/src/main/java/org/cache2k/Cache.java:[536,8] [purity.deterministic.void.method] a method without return value cannot be deterministic
[WARNING] /Users/daniel/Documents/njit/WPI-Research/experiments-live/cache2k-wpi/cache2k-api/src/main/java/org/cache2k/Cache.java:[608,8] [purity.deterministic.void.method] a method without return value cannot be deterministic
[WARNING] /Users/daniel/Documents/njit/WPI-Research/experiments-live/cache2k-wpi/cache2k-api/src/main/java/org/cache2k/Cache.java:[692,16] [purity.deterministic.void.method] a method without return value cannot be deterministic
[WARNING] /Users/daniel/Documents/njit/WPI-Research/experiments-live/cache2k-wpi/cache2k-api/src/main/java/org/cache2k/Cache.java:[736,16] [purity.deterministic.void.method] a method without return value cannot be deterministic
[WARNING] /Users/daniel/Documents/njit/WPI-Research/experiments-live/cache2k-wpi/cache2k-api/src/main/java/org/cache2k/Cache.java:[794,10] [purity.deterministic.void.method] a method without return value cannot be deterministic
[WARNING] /Users/daniel/Documents/njit/WPI-Research/experiments-live/cache2k-wpi/cache2k-api/src/main/java/org/cache2k/Cache.java:[839,8] [purity.deterministic.void.method] a method without return value cannot be deterministic
[WARNING] /Users/daniel/Documents/njit/WPI-Research/experiments-live/cache2k-wpi/cache2k-api/src/main/java/org/cache2k/Cache.java:[846,8] [purity.deterministic.void.method] a method without return value cannot be deterministic
[WARNING] /Users/daniel/Documents/njit/WPI-Research/experiments-live/cache2k-wpi/cache2k-api/src/main/java/org/cache2k/Cache.java:[866,8] [purity.deterministic.void.method] a method without return value cannot be deterministic
[WARNING] /Users/daniel/Documents/njit/WPI-Research/experiments-live/cache2k-wpi/cache2k-api/src/main/java/org/cache2k/Cache.java:[913,17] [type.argument] incompatible type argument for type parameter K of ConcurrentMap.
  found   : K extends @Initialized @Nullable Object
  required: @Initialized @NonNull Object
[WARNING] /Users/daniel/Documents/njit/WPI-Research/experiments-live/cache2k-wpi/cache2k-api/src/main/java/org/cache2k/Cache.java:[913,20] [type.argument] incompatible type argument for type parameter V of ConcurrentMap.
  found   : V extends @Initialized @Nullable Object
  required: @Initialized @NonNull Object
[WARNING] /Users/daniel/Documents/njit/WPI-Research/experiments-live/cache2k-wpi/cache2k-api/src/main/java/org/cache2k/processor/EntryMutator.java:[36,8] [purity.deterministic.void.method] a method without return value cannot be deterministic
[WARNING] /Users/daniel/Documents/njit/WPI-Research/experiments-live/cache2k-wpi/cache2k-api/src/main/java/org/cache2k/CacheManager.java:[89,22] [purity.deterministic.void.method] a method without return value cannot be deterministic
[WARNING] /Users/daniel/Documents/njit/WPI-Research/experiments-live/cache2k-wpi/cache2k-api/src/main/java/org/cache2k/CacheManager.java:[144,22] [purity.deterministic.void.method] a method without return value cannot be deterministic
[WARNING] /Users/daniel/Documents/njit/WPI-Research/experiments-live/cache2k-wpi/cache2k-api/src/main/java/org/cache2k/CacheManager.java:[151,22] [purity.deterministic.void.method] a method without return value cannot be deterministic
[WARNING] /Users/daniel/Documents/njit/WPI-Research/experiments-live/cache2k-wpi/cache2k-api/src/main/java/org/cache2k/CacheManager.java:[158,22] [purity.deterministic.void.method] a method without return value cannot be deterministic
[WARNING] /Users/daniel/Documents/njit/WPI-Research/experiments-live/cache2k-wpi/cache2k-api/src/main/java/org/cache2k/CacheManager.java:[206,24] [purity.deterministic.void.method] a method without return value cannot be deterministic
[WARNING] /Users/daniel/Documents/njit/WPI-Research/experiments-live/cache2k-wpi/cache2k-api/src/main/java/org/cache2k/CacheManager.java:[214,24] [purity.deterministic.void.method] a method without return value cannot be deterministic
[WARNING] /Users/daniel/Documents/njit/WPI-Research/experiments-live/cache2k-wpi/cache2k-api/src/main/java/org/cache2k/spi/Cache2kCoreProvider.java:[38,8] [purity.deterministic.void.method] a method without return value cannot be deterministic
[WARNING] /Users/daniel/Documents/njit/WPI-Research/experiments-live/cache2k-wpi/cache2k-api/src/main/java/org/cache2k/spi/Cache2kCoreProvider.java:[58,8] [purity.deterministic.void.method] a method without return value cannot be deterministic
[WARNING] /Users/daniel/Documents/njit/WPI-Research/experiments-live/cache2k-wpi/cache2k-api/src/main/java/org/cache2k/spi/Cache2kCoreProvider.java:[63,8] [purity.deterministic.void.method] a method without return value cannot be deterministic
[WARNING] /Users/daniel/Documents/njit/WPI-Research/experiments-live/cache2k-wpi/cache2k-api/src/main/java/org/cache2k/spi/Cache2kCoreProvider.java:[68,8] [purity.deterministic.void.method] a method without return value cannot be deterministic
[WARNING] /Users/daniel/Documents/njit/WPI-Research/experiments-live/cache2k-wpi/cache2k-api/src/main/java/org/cache2k/config/Cache2kConfig.java:[365,27] [contracts.precondition.override] Subclass precondition is stronger for 'this.advancedLoader' in getSections.
    In superclass org.cache2k.config.ConfigWithSections: no information
    In subclass org.cache2k.config.Cache2kConfig: @Nullable
[WARNING] /Users/daniel/Documents/njit/WPI-Research/experiments-live/cache2k-wpi/cache2k-api/src/main/java/org/cache2k/config/Cache2kConfig.java:[367,7] [purity.not.deterministic.not.sideeffectfree.assign.field] field assignment not allowed in deterministic side-effect-free method
[WARNING] /Users/daniel/Documents/njit/WPI-Research/experiments-live/cache2k-wpi/cache2k-api/src/main/java/org/cache2k/config/Cache2kConfig.java:[367,18] [purity.not.deterministic.object.creation] object creation not allowed in deterministic method
[WARNING] /Users/daniel/Documents/njit/WPI-Research/experiments-live/cache2k-wpi/cache2k-api/src/main/java/org/cache2k/config/Cache2kConfig.java:[367,18] [purity.not.sideeffectfree.call] call to side-effecting SectionContainer not allowed in side-effect-free method
[WARNING] /Users/daniel/Documents/njit/WPI-Research/experiments-live/cache2k-wpi/cache2k-api/src/main/java/org/cache2k/config/Cache2kConfig.java:[779,29] [purity.not.deterministic.not.sideeffectfree.call] call to non-deterministic side-effecting Cache2kBuilder.of not allowed in deterministic side-effect-free method
[WARNING] /Users/daniel/Documents/njit/WPI-Research/experiments-live/cache2k-wpi/cache2k-api/src/main/java/org/cache2k/Cache2kBuilder.java:[1003,15] [purity.not.deterministic.not.sideeffectfree.call] call to non-deterministic side-effecting cfg not allowed in deterministic side-effect-free method
[WARNING] /Users/daniel/Documents/njit/WPI-Research/experiments-live/cache2k-wpi/cache2k-api/src/main/java/org/cache2k/operation/TimeReference.java:[67,8] [purity.deterministic.void.method] a method without return value cannot be deterministic
[WARNING] /Users/daniel/Documents/njit/WPI-Research/experiments-live/cache2k-wpi/cache2k-api/src/main/java/org/cache2k/operation/TimeReference.java:[97,56] [purity.not.deterministic.not.sideeffectfree.call] call to non-deterministic side-effecting v.toMillis not allowed in deterministic side-effect-free method
[WARNING] /Users/daniel/Documents/njit/WPI-Research/experiments-live/cache2k-wpi/cache2k-api/src/main/java/org/cache2k/operation/TimeReference.java:[101,34] [purity.not.deterministic.not.sideeffectfree.call] call to non-deterministic side-effecting Instant.ofEpochMilli not allowed in deterministic side-effect-free method
[WARNING] /Users/daniel/Documents/njit/WPI-Research/experiments-live/cache2k-wpi/cache2k-api/src/main/java/org/cache2k/operation/TimeReference.java:[111,38] [purity.not.deterministic.not.sideeffectfree.call] call to non-deterministic side-effecting System.currentTimeMillis not allowed in deterministic side-effect-free method
[WARNING] /Users/daniel/Documents/njit/WPI-Research/experiments-live/cache2k-wpi/cache2k-api/src/main/java/org/cache2k/operation/TimeReference.java:[115,17] [purity.deterministic.void.method] a method without return value cannot be deterministic
[WARNING] /Users/daniel/Documents/njit/WPI-Research/experiments-live/cache2k-wpi/cache2k-api/src/main/java/org/cache2k/operation/TimeReference.java:[116,19] [purity.not.deterministic.not.sideeffectfree.call] call to non-deterministic side-effecting Thread.sleep not allowed in deterministic side-effect-free method
[WARNING] /Users/daniel/Documents/njit/WPI-Research/experiments-live/cache2k-wpi/cache2k-api/src/main/java/org/cache2k/operation/Scheduler.java:[48,8] [purity.deterministic.void.method] a method without return value cannot be deterministic
[WARNING] /Users/daniel/Documents/njit/WPI-Research/experiments-live/cache2k-wpi/cache2k-api/src/main/java/org/cache2k/operation/Scheduler.java:[57,8] [purity.deterministic.void.method] a method without return value cannot be deterministic
[WARNING] /Users/daniel/Documents/njit/WPI-Research/experiments-live/cache2k-wpi/cache2k-api/src/main/java/org/cache2k/expiry/RefreshAheadPolicy.java:[125,10] [purity.deterministic.void.method] a method without return value cannot be deterministic
[WARNING] /Users/daniel/Documents/njit/WPI-Research/experiments-live/cache2k-wpi/cache2k-api/src/main/java/org/cache2k/io/CacheWriter.java:[48,8] [purity.deterministic.void.method] a method without return value cannot be deterministic
[WARNING] /Users/daniel/Documents/njit/WPI-Research/experiments-live/cache2k-wpi/cache2k-api/src/main/java/org/cache2k/io/CacheWriter.java:[59,8] [purity.deterministic.void.method] a method without return value cannot be deterministic
[WARNING] /Users/daniel/Documents/njit/WPI-Research/experiments-live/cache2k-wpi/cache2k-api/src/main/java/org/cache2k/config/Feature.java:[35,15] [purity.deterministic.void.method] a method without return value cannot be deterministic
[WARNING] /Users/daniel/Documents/njit/WPI-Research/experiments-live/cache2k-wpi/cache2k-api/src/main/java/org/cache2k/config/SectionContainer.java:[85,36] [purity.not.sideeffectfree.call] call to side-effecting getClass().getSimpleName not allowed in side-effect-free method
[WARNING] /Users/daniel/Documents/njit/WPI-Research/experiments-live/cache2k-wpi/cache2k-api/src/main/java/org/cache2k/config/CustomizationReferenceSupplier.java:[44,28] [argument] incompatible argument for parameter arg0 of requireNonNull.
  found   : T extends @Initialized @Nullable Object
  required: T extends @Initialized @NonNull Object
[WARNING] /Users/daniel/Documents/njit/WPI-Research/experiments-live/cache2k-wpi/cache2k-api/src/main/java/org/cache2k/io/AsyncBulkCacheLoader.java:[78,8] [purity.deterministic.void.method] a method without return value cannot be deterministic
[WARNING] /Users/daniel/Documents/njit/WPI-Research/experiments-live/cache2k-wpi/cache2k-api/src/main/java/org/cache2k/io/AsyncBulkCacheLoader.java:[87,16] [purity.deterministic.void.method] a method without return value cannot be deterministic
[WARNING] /Users/daniel/Documents/njit/WPI-Research/experiments-live/cache2k-wpi/cache2k-api/src/main/java/org/cache2k/io/AsyncBulkCacheLoader.java:[88,42] [purity.not.deterministic.not.sideeffectfree.call] call to non-deterministic side-effecting Collections.singleton not allowed in deterministic side-effect-free method
[WARNING] /Users/daniel/Documents/njit/WPI-Research/experiments-live/cache2k-wpi/cache2k-api/src/main/java/org/cache2k/io/AsyncBulkCacheLoader.java:[89,39] [purity.not.deterministic.object.creation] object creation not allowed in deterministic method
[WARNING] /Users/daniel/Documents/njit/WPI-Research/experiments-live/cache2k-wpi/cache2k-api/src/main/java/org/cache2k/io/AsyncBulkCacheLoader.java:[89,39] [purity.not.sideeffectfree.call] call to side-effecting BulkCallback<K, V> not allowed in side-effect-free method
[WARNING] /Users/daniel/Documents/njit/WPI-Research/experiments-live/cache2k-wpi/cache2k-api/src/main/java/org/cache2k/io/AsyncBulkCacheLoader.java:[91,19] [purity.deterministic.void.method] a method without return value cannot be deterministic
[WARNING] /Users/daniel/Documents/njit/WPI-Research/experiments-live/cache2k-wpi/cache2k-api/src/main/java/org/cache2k/io/AsyncBulkCacheLoader.java:[95,66] [purity.not.deterministic.call] call to non-deterministic method data.entrySet not allowed in deterministic method
[WARNING] /Users/daniel/Documents/njit/WPI-Research/experiments-live/cache2k-wpi/cache2k-api/src/main/java/org/cache2k/io/AsyncBulkCacheLoader.java:[95,77] [purity.not.deterministic.call] call to non-deterministic method data.entrySet().iterator not allowed in deterministic method
[WARNING] /Users/daniel/Documents/njit/WPI-Research/experiments-live/cache2k-wpi/cache2k-api/src/main/java/org/cache2k/io/AsyncBulkCacheLoader.java:[95,84] [purity.not.deterministic.not.sideeffectfree.call] call to non-deterministic side-effecting data.entrySet().iterator().next not allowed in deterministic side-effect-free method
[WARNING] /Users/daniel/Documents/njit/WPI-Research/experiments-live/cache2k-wpi/cache2k-api/src/main/java/org/cache2k/io/AsyncBulkCacheLoader.java:[100,19] [purity.deterministic.void.method] a method without return value cannot be deterministic
[WARNING] /Users/daniel/Documents/njit/WPI-Research/experiments-live/cache2k-wpi/cache2k-api/src/main/java/org/cache2k/io/AsyncBulkCacheLoader.java:[101,31] [purity.not.deterministic.not.sideeffectfree.call] call to non-deterministic side-effecting Objects.requireNonNull not allowed in deterministic side-effect-free method
[WARNING] /Users/daniel/Documents/njit/WPI-Research/experiments-live/cache2k-wpi/cache2k-api/src/main/java/org/cache2k/io/AsyncBulkCacheLoader.java:[101,32] [argument] incompatible argument for parameter arg0 of requireNonNull.
  found   : K extends @Initialized @Nullable Object
  required: K extends @Initialized @NonNull Object
[WARNING] /Users/daniel/Documents/njit/WPI-Research/experiments-live/cache2k-wpi/cache2k-api/src/main/java/org/cache2k/io/AsyncBulkCacheLoader.java:[106,19] [purity.deterministic.void.method] a method without return value cannot be deterministic
[WARNING] /Users/daniel/Documents/njit/WPI-Research/experiments-live/cache2k-wpi/cache2k-api/src/main/java/org/cache2k/io/AsyncBulkCacheLoader.java:[111,19] [purity.deterministic.void.method] a method without return value cannot be deterministic
[WARNING] /Users/daniel/Documents/njit/WPI-Research/experiments-live/cache2k-wpi/cache2k-api/src/main/java/org/cache2k/io/AsyncBulkCacheLoader.java:[112,31] [purity.not.deterministic.not.sideeffectfree.call] call to non-deterministic side-effecting Objects.requireNonNull not allowed in deterministic side-effect-free method
[WARNING] /Users/daniel/Documents/njit/WPI-Research/experiments-live/cache2k-wpi/cache2k-api/src/main/java/org/cache2k/io/AsyncBulkCacheLoader.java:[112,32] [argument] incompatible argument for parameter arg0 of requireNonNull.
  found   : K extends @Initialized @Nullable Object
  required: K extends @Initialized @NonNull Object
[WARNING] /Users/daniel/Documents/njit/WPI-Research/experiments-live/cache2k-wpi/cache2k-api/src/main/java/org/cache2k/io/AsyncBulkCacheLoader.java:[116,45] [purity.not.deterministic.object.creation] object creation not allowed in deterministic method
[WARNING] /Users/daniel/Documents/njit/WPI-Research/experiments-live/cache2k-wpi/cache2k-api/src/main/java/org/cache2k/io/AsyncBulkCacheLoader.java:[116,45] [purity.not.sideeffectfree.call] call to side-effecting BulkLoadContext<K, V> not allowed in side-effect-free method
[WARNING] /Users/daniel/Documents/njit/WPI-Research/experiments-live/cache2k-wpi/cache2k-api/src/main/java/org/cache2k/io/AsyncBulkCacheLoader.java:[116,45] [purity.not.deterministic.object.creation] object creation not allowed in deterministic method
[WARNING] /Users/daniel/Documents/njit/WPI-Research/experiments-live/cache2k-wpi/cache2k-api/src/main/java/org/cache2k/io/AsyncBulkCacheLoader.java:[119,40] [purity.not.deterministic.not.sideeffectfree.call] call to non-deterministic side-effecting Collections.singletonMap not allowed in deterministic side-effect-free method
[WARNING] /Users/daniel/Documents/njit/WPI-Research/experiments-live/cache2k-wpi/cache2k-api/src/main/java/org/cache2k/io/AsyncBulkCacheLoader.java:[179,10] [purity.deterministic.void.method] a method without return value cannot be deterministic
[WARNING] /Users/daniel/Documents/njit/WPI-Research/experiments-live/cache2k-wpi/cache2k-api/src/main/java/org/cache2k/io/AsyncBulkCacheLoader.java:[185,10] [purity.deterministic.void.method] a method without return value cannot be deterministic
[WARNING] /Users/daniel/Documents/njit/WPI-Research/experiments-live/cache2k-wpi/cache2k-api/src/main/java/org/cache2k/io/AsyncBulkCacheLoader.java:[197,10] [purity.deterministic.void.method] a method without return value cannot be deterministic
[WARNING] /Users/daniel/Documents/njit/WPI-Research/experiments-live/cache2k-wpi/cache2k-api/src/main/java/org/cache2k/io/AsyncBulkCacheLoader.java:[207,18] [purity.deterministic.void.method] a method without return value cannot be deterministic
[WARNING] /Users/daniel/Documents/njit/WPI-Research/experiments-live/cache2k-wpi/cache2k-api/src/main/java/org/cache2k/io/AsyncBulkCacheLoader.java:[214,10] [purity.deterministic.void.method] a method without return value cannot be deterministic
[WARNING] /Users/daniel/Documents/njit/WPI-Research/experiments-live/cache2k-wpi/cache2k-api/src/main/java/org/cache2k/io/BulkCacheLoader.java:[57,41] [purity.not.deterministic.not.sideeffectfree.call] call to non-deterministic side-effecting Collections.singleton not allowed in deterministic side-effect-free method
[WARNING] /Users/daniel/Documents/njit/WPI-Research/experiments-live/cache2k-wpi/cache2k-api/src/main/java/org/cache2k/io/BulkCacheLoader.java:[57,51] [return] incompatible types in return.
  type of expression: V[ extends @Initialized @Nullable Object super @Initialized @Nullable Void]
  method return type: V[ extends @Initialized @Nullable Object super @Initialized @NonNull Void]
[WARNING] /Users/daniel/Documents/njit/WPI-Research/experiments-live/cache2k-wpi/cache2k-api/src/main/java/org/cache2k/io/BulkCacheLoader.java:[57,52] [argument] incompatible argument for parameter arg0 of get.
  found   : K extends @Initialized @Nullable Object
  required: @Initialized @NonNull Object
[WARNING] /Users/daniel/Documents/njit/WPI-Research/experiments-live/cache2k-wpi/cache2k-api/src/main/java/org/cache2k/config/ToggleFeature.java:[77,16] [return] incompatible types in return.
  type of expression: T extends @Initialized @NonNull ToggleFeature
  method return type: T extends @Initialized @Nullable ToggleFeature
[WARNING] /Users/daniel/Documents/njit/WPI-Research/experiments-live/cache2k-wpi/cache2k-api/src/main/java/org/cache2k/config/ToggleFeature.java:[104,28] [purity.deterministic.void.method] a method without return value cannot be deterministic
[WARNING] /Users/daniel/Documents/njit/WPI-Research/experiments-live/cache2k-wpi/cache2k-api/src/main/java/org/cache2k/config/ToggleFeature.java:[110,34] [purity.deterministic.void.method] a method without return value cannot be deterministic
[WARNING] /Users/daniel/Documents/njit/WPI-Research/experiments-live/cache2k-wpi/cache2k-api/src/main/java/org/cache2k/config/ToggleFeature.java:[150,36] [purity.not.sideeffectfree.call] call to side-effecting getClass().getSimpleName not allowed in side-effect-free method
[WARNING] /Users/daniel/Documents/njit/WPI-Research/experiments-live/cache2k-wpi/cache2k-api/src/main/java/org/cache2k/event/CacheEntryExpiredListener.java:[44,8] [purity.deterministic.void.method] a method without return value cannot be deterministic
[WARNING] /Users/daniel/Documents/njit/WPI-Research/experiments-live/cache2k-wpi/cache2k-api/src/main/java/org/cache2k/config/CustomizationSupplierByClassName.java:[69,15] [purity.deterministic.void.method] a method without return value cannot be deterministic
[WARNING] /Users/daniel/Documents/njit/WPI-Research/experiments-live/cache2k-wpi/cache2k-api/src/main/java/org/cache2k/config/CustomizationSupplierByClassName.java:[84,19] [purity.not.deterministic.not.sideeffectfree.call] call to non-deterministic side-effecting ctx.getCacheManager().getClassLoader().loadClass not allowed in deterministic side-effect-free method
[WARNING] /Users/daniel/Documents/njit/WPI-Research/experiments-live/cache2k-wpi/cache2k-api/src/main/java/org/cache2k/config/CustomizationSupplierByClassName.java:[84,70] [purity.not.deterministic.not.sideeffectfree.call] call to non-deterministic side-effecting ctx.getCacheManager().getClassLoader().loadClass(checkNull(className)).getConstructor().newInstance not allowed in deterministic side-effect-free method
[WARNING] /Users/daniel/Documents/njit/WPI-Research/experiments-live/cache2k-wpi/cache2k-api/src/main/java/org/cache2k/config/CustomizationSupplierByClassName.java:[85,7] [purity.not.deterministic.catch] catch block not allowed in deterministic method
[WARNING] /Users/daniel/Documents/njit/WPI-Research/experiments-live/cache2k-wpi/cache2k-api/src/main/java/org/cache2k/config/ValidatingConfigBean.java:[37,8] [purity.deterministic.void.method] a method without return value cannot be deterministic
[WARNING] /Users/daniel/Documents/njit/WPI-Research/experiments-live/cache2k-wpi/cache2k-api/src/main/java/org/cache2k/ForwardingCache.java:[80,15] [purity.deterministic.void.method] a method without return value cannot be deterministic
[WARNING] /Users/daniel/Documents/njit/WPI-Research/experiments-live/cache2k-wpi/cache2k-api/src/main/java/org/cache2k/ForwardingCache.java:[120,15] [purity.deterministic.void.method] a method without return value cannot be deterministic
[WARNING] /Users/daniel/Documents/njit/WPI-Research/experiments-live/cache2k-wpi/cache2k-api/src/main/java/org/cache2k/ForwardingCache.java:[130,15] [purity.deterministic.void.method] a method without return value cannot be deterministic
[WARNING] /Users/daniel/Documents/njit/WPI-Research/experiments-live/cache2k-wpi/cache2k-api/src/main/java/org/cache2k/ForwardingCache.java:[140,15] [purity.deterministic.void.method] a method without return value cannot be deterministic
[WARNING] /Users/daniel/Documents/njit/WPI-Research/experiments-live/cache2k-wpi/cache2k-api/src/main/java/org/cache2k/ForwardingCache.java:[161,15] [purity.deterministic.void.method] a method without return value cannot be deterministic
[WARNING] /Users/daniel/Documents/njit/WPI-Research/experiments-live/cache2k-wpi/cache2k-api/src/main/java/org/cache2k/ForwardingCache.java:[172,15] [purity.deterministic.void.method] a method without return value cannot be deterministic
[WARNING] /Users/daniel/Documents/njit/WPI-Research/experiments-live/cache2k-wpi/cache2k-api/src/main/java/org/cache2k/ForwardingCache.java:[187,15] [purity.deterministic.void.method] a method without return value cannot be deterministic
[WARNING] /Users/daniel/Documents/njit/WPI-Research/experiments-live/cache2k-wpi/cache2k-api/src/main/java/org/cache2k/ForwardingCache.java:[202,15] [purity.deterministic.void.method] a method without return value cannot be deterministic
[WARNING] /Users/daniel/Documents/njit/WPI-Research/experiments-live/cache2k-wpi/cache2k-api/src/main/java/org/cache2k/ForwardingCache.java:[207,15] [purity.deterministic.void.method] a method without return value cannot be deterministic
[WARNING] /Users/daniel/Documents/njit/WPI-Research/experiments-live/cache2k-wpi/cache2k-api/src/main/java/org/cache2k/ForwardingCache.java:[212,15] [purity.deterministic.void.method] a method without return value cannot be deterministic
[WARNING] /Users/daniel/Documents/njit/WPI-Research/experiments-live/cache2k-wpi/cache2k-api/src/main/java/org/cache2k/ForwardingCache.java:[232,24] [type.argument] incompatible type argument for type parameter K of ConcurrentMap.
  found   : K extends @Initialized @Nullable Object
  required: @Initialized @NonNull Object
[WARNING] /Users/daniel/Documents/njit/WPI-Research/experiments-live/cache2k-wpi/cache2k-api/src/main/java/org/cache2k/ForwardingCache.java:[232,27] [type.argument] incompatible type argument for type parameter V of ConcurrentMap.
  found   : V extends @Initialized @Nullable Object
  required: @Initialized @NonNull Object
[WARNING] /Users/daniel/Documents/njit/WPI-Research/experiments-live/cache2k-wpi/cache2k-api/src/main/java/org/cache2k/ForwardingCache.java:[241,41] [purity.not.deterministic.not.sideeffectfree.call] call to non-deterministic side-effecting this.getClass().getSimpleName not allowed in deterministic side-effect-free method
[WARNING] /Users/daniel/Documents/njit/WPI-Research/experiments-live/cache2k-wpi/cache2k-api/src/main/java/org/cache2k/event/CacheEntryEvictedListener.java:[41,8] [purity.deterministic.void.method] a method without return value cannot be deterministic
[WARNING] /Users/daniel/Documents/njit/WPI-Research/experiments-live/cache2k-wpi/cache2k-api/src/main/java/org/cache2k/event/CacheEntryUpdatedListener.java:[49,8] [purity.deterministic.void.method] a method without return value cannot be deterministic
[WARNING] /Users/daniel/Documents/njit/WPI-Research/experiments-live/cache2k-wpi/cache2k-api/src/main/java/org/cache2k/event/CacheEntryCreatedListener.java:[47,8] [purity.deterministic.void.method] a method without return value cannot be deterministic
[INFO]
[INFO] --- compiler:3.8.1:compile (java-11-compile) @ cache2k-api ---
[WARNING] Parameter 'compileSourceRoots' is read-only, must not be used in configuration
[WARNING] **************************************************************************************************************************************************************************
[WARNING] * Required filename-based automodules detected: [jsr305-3.0.2.jar, kotlin-annotations-jvm-1.6.0.jar]. Please don't publish this project to a public artifact repository! *
[WARNING] **************************************************************************************************************************************************************************
WARNING: An illegal reflective access operation has occurred
WARNING: Illegal reflective access by org.checkerframework.javacutil.Resolver (file:/Users/daniel/.m2/repository/org/checkerframework/checker/3.32.1-SNAPSHOT/checker-3.32.1-SNAPSHOT.jar) to method com.sun.tools.javac.comp.Resolve.findMethod(com.sun.tools.javac.comp.Env,com.sun.tools.javac.code.Type,com.sun.tools.javac.util.Name,com.sun.tools.javac.util.List,com.sun.tools.javac.util.List,boolean,boolean)
WARNING: Please consider reporting this to the maintainers of org.checkerframework.javacutil.Resolver
WARNING: Use --illegal-access=warn to enable warnings of further illegal reflective access operations
WARNING: All illegal access operations will be denied in a future release
[WARNING] /Users/daniel/Documents/njit/WPI-Research/experiments-live/cache2k-wpi/cache2k-api/src/main/java/org/cache2k/io/AsyncCacheLoader.java:[56,8] [purity.deterministic.void.method] a method without return value cannot be deterministic
[WARNING] /Users/daniel/Documents/njit/WPI-Research/experiments-live/cache2k-wpi/cache2k-api/src/main/java/org/cache2k/io/AsyncCacheLoader.java:[133,10] [purity.deterministic.void.method] a method without return value cannot be deterministic
[WARNING] /Users/daniel/Documents/njit/WPI-Research/experiments-live/cache2k-wpi/cache2k-api/src/main/java/org/cache2k/io/AsyncCacheLoader.java:[141,10] [purity.deterministic.void.method] a method without return value cannot be deterministic
[WARNING] /Users/daniel/Documents/njit/WPI-Research/experiments-live/cache2k-wpi/cache2k-api/src/main/java/org/cache2k/Cache.java:[264,8] [purity.deterministic.void.method] a method without return value cannot be deterministic
[WARNING] /Users/daniel/Documents/njit/WPI-Research/experiments-live/cache2k-wpi/cache2k-api/src/main/java/org/cache2k/Cache.java:[510,8] [purity.deterministic.void.method] a method without return value cannot be deterministic
[WARNING] /Users/daniel/Documents/njit/WPI-Research/experiments-live/cache2k-wpi/cache2k-api/src/main/java/org/cache2k/Cache.java:[536,8] [purity.deterministic.void.method] a method without return value cannot be deterministic
[WARNING] /Users/daniel/Documents/njit/WPI-Research/experiments-live/cache2k-wpi/cache2k-api/src/main/java/org/cache2k/Cache.java:[608,8] [purity.deterministic.void.method] a method without return value cannot be deterministic
[WARNING] /Users/daniel/Documents/njit/WPI-Research/experiments-live/cache2k-wpi/cache2k-api/src/main/java/org/cache2k/Cache.java:[692,16] [purity.deterministic.void.method] a method without return value cannot be deterministic
[WARNING] /Users/daniel/Documents/njit/WPI-Research/experiments-live/cache2k-wpi/cache2k-api/src/main/java/org/cache2k/Cache.java:[736,16] [purity.deterministic.void.method] a method without return value cannot be deterministic
[WARNING] /Users/daniel/Documents/njit/WPI-Research/experiments-live/cache2k-wpi/cache2k-api/src/main/java/org/cache2k/Cache.java:[794,10] [purity.deterministic.void.method] a method without return value cannot be deterministic
[WARNING] /Users/daniel/Documents/njit/WPI-Research/experiments-live/cache2k-wpi/cache2k-api/src/main/java/org/cache2k/Cache.java:[839,8] [purity.deterministic.void.method] a method without return value cannot be deterministic
[WARNING] /Users/daniel/Documents/njit/WPI-Research/experiments-live/cache2k-wpi/cache2k-api/src/main/java/org/cache2k/Cache.java:[846,8] [purity.deterministic.void.method] a method without return value cannot be deterministic
[WARNING] /Users/daniel/Documents/njit/WPI-Research/experiments-live/cache2k-wpi/cache2k-api/src/main/java/org/cache2k/Cache.java:[866,8] [purity.deterministic.void.method] a method without return value cannot be deterministic
[WARNING] /Users/daniel/Documents/njit/WPI-Research/experiments-live/cache2k-wpi/cache2k-api/src/main/java/org/cache2k/Cache.java:[913,17] [type.argument] incompatible type argument for type parameter K of ConcurrentMap.
  found   : K extends @Initialized @Nullable Object
  required: @Initialized @NonNull Object
[WARNING] /Users/daniel/Documents/njit/WPI-Research/experiments-live/cache2k-wpi/cache2k-api/src/main/java/org/cache2k/Cache.java:[913,20] [type.argument] incompatible type argument for type parameter V of ConcurrentMap.
  found   : V extends @Initialized @Nullable Object
  required: @Initialized @NonNull Object
[WARNING] /Users/daniel/Documents/njit/WPI-Research/experiments-live/cache2k-wpi/cache2k-api/src/main/java/org/cache2k/processor/EntryMutator.java:[36,8] [purity.deterministic.void.method] a method without return value cannot be deterministic
[WARNING] /Users/daniel/Documents/njit/WPI-Research/experiments-live/cache2k-wpi/cache2k-api/src/main/java/org/cache2k/CacheManager.java:[89,22] [purity.deterministic.void.method] a method without return value cannot be deterministic
[WARNING] /Users/daniel/Documents/njit/WPI-Research/experiments-live/cache2k-wpi/cache2k-api/src/main/java/org/cache2k/CacheManager.java:[144,22] [purity.deterministic.void.method] a method without return value cannot be deterministic
[WARNING] /Users/daniel/Documents/njit/WPI-Research/experiments-live/cache2k-wpi/cache2k-api/src/main/java/org/cache2k/CacheManager.java:[151,22] [purity.deterministic.void.method] a method without return value cannot be deterministic
[WARNING] /Users/daniel/Documents/njit/WPI-Research/experiments-live/cache2k-wpi/cache2k-api/src/main/java/org/cache2k/CacheManager.java:[158,22] [purity.deterministic.void.method] a method without return value cannot be deterministic
[WARNING] /Users/daniel/Documents/njit/WPI-Research/experiments-live/cache2k-wpi/cache2k-api/src/main/java/org/cache2k/CacheManager.java:[206,24] [purity.deterministic.void.method] a method without return value cannot be deterministic
[WARNING] /Users/daniel/Documents/njit/WPI-Research/experiments-live/cache2k-wpi/cache2k-api/src/main/java/org/cache2k/CacheManager.java:[214,24] [purity.deterministic.void.method] a method without return value cannot be deterministic
[WARNING] /Users/daniel/Documents/njit/WPI-Research/experiments-live/cache2k-wpi/cache2k-api/src/main/java/org/cache2k/spi/Cache2kCoreProvider.java:[38,8] [purity.deterministic.void.method] a method without return value cannot be deterministic
[WARNING] /Users/daniel/Documents/njit/WPI-Research/experiments-live/cache2k-wpi/cache2k-api/src/main/java/org/cache2k/spi/Cache2kCoreProvider.java:[58,8] [purity.deterministic.void.method] a method without return value cannot be deterministic
[WARNING] /Users/daniel/Documents/njit/WPI-Research/experiments-live/cache2k-wpi/cache2k-api/src/main/java/org/cache2k/spi/Cache2kCoreProvider.java:[63,8] [purity.deterministic.void.method] a method without return value cannot be deterministic
[WARNING] /Users/daniel/Documents/njit/WPI-Research/experiments-live/cache2k-wpi/cache2k-api/src/main/java/org/cache2k/spi/Cache2kCoreProvider.java:[68,8] [purity.deterministic.void.method] a method without return value cannot be deterministic
[WARNING] /Users/daniel/Documents/njit/WPI-Research/experiments-live/cache2k-wpi/cache2k-api/src/main/java/org/cache2k/config/Cache2kConfig.java:[365,27] [contracts.precondition.override] Subclass precondition is stronger for 'this.advancedLoader' in getSections.
    In superclass org.cache2k.config.ConfigWithSections: no information
    In subclass org.cache2k.config.Cache2kConfig: @Nullable
[WARNING] /Users/daniel/Documents/njit/WPI-Research/experiments-live/cache2k-wpi/cache2k-api/src/main/java/org/cache2k/config/Cache2kConfig.java:[367,7] [purity.not.deterministic.not.sideeffectfree.assign.field] field assignment not allowed in deterministic side-effect-free method
[WARNING] /Users/daniel/Documents/njit/WPI-Research/experiments-live/cache2k-wpi/cache2k-api/src/main/java/org/cache2k/config/Cache2kConfig.java:[367,18] [purity.not.deterministic.object.creation] object creation not allowed in deterministic method
[WARNING] /Users/daniel/Documents/njit/WPI-Research/experiments-live/cache2k-wpi/cache2k-api/src/main/java/org/cache2k/config/Cache2kConfig.java:[367,18] [purity.not.sideeffectfree.call] call to side-effecting SectionContainer not allowed in side-effect-free method
[WARNING] /Users/daniel/Documents/njit/WPI-Research/experiments-live/cache2k-wpi/cache2k-api/src/main/java/org/cache2k/config/Cache2kConfig.java:[779,29] [purity.not.deterministic.not.sideeffectfree.call] call to non-deterministic side-effecting Cache2kBuilder.of not allowed in deterministic side-effect-free method
[WARNING] /Users/daniel/Documents/njit/WPI-Research/experiments-live/cache2k-wpi/cache2k-api/src/main/java/org/cache2k/Cache2kBuilder.java:[1003,15] [purity.not.deterministic.not.sideeffectfree.call] call to non-deterministic side-effecting cfg not allowed in deterministic side-effect-free method
[WARNING] /Users/daniel/Documents/njit/WPI-Research/experiments-live/cache2k-wpi/cache2k-api/src/main/java/org/cache2k/operation/TimeReference.java:[67,8] [purity.deterministic.void.method] a method without return value cannot be deterministic
[WARNING] /Users/daniel/Documents/njit/WPI-Research/experiments-live/cache2k-wpi/cache2k-api/src/main/java/org/cache2k/operation/TimeReference.java:[97,56] [purity.not.deterministic.not.sideeffectfree.call] call to non-deterministic side-effecting v.toMillis not allowed in deterministic side-effect-free method
[WARNING] /Users/daniel/Documents/njit/WPI-Research/experiments-live/cache2k-wpi/cache2k-api/src/main/java/org/cache2k/operation/TimeReference.java:[101,34] [purity.not.deterministic.not.sideeffectfree.call] call to non-deterministic side-effecting Instant.ofEpochMilli not allowed in deterministic side-effect-free method
[WARNING] /Users/daniel/Documents/njit/WPI-Research/experiments-live/cache2k-wpi/cache2k-api/src/main/java/org/cache2k/operation/TimeReference.java:[111,38] [purity.not.deterministic.not.sideeffectfree.call] call to non-deterministic side-effecting System.currentTimeMillis not allowed in deterministic side-effect-free method
[WARNING] /Users/daniel/Documents/njit/WPI-Research/experiments-live/cache2k-wpi/cache2k-api/src/main/java/org/cache2k/operation/TimeReference.java:[115,17] [purity.deterministic.void.method] a method without return value cannot be deterministic
[WARNING] /Users/daniel/Documents/njit/WPI-Research/experiments-live/cache2k-wpi/cache2k-api/src/main/java/org/cache2k/operation/TimeReference.java:[116,19] [purity.not.deterministic.not.sideeffectfree.call] call to non-deterministic side-effecting Thread.sleep not allowed in deterministic side-effect-free method
[WARNING] /Users/daniel/Documents/njit/WPI-Research/experiments-live/cache2k-wpi/cache2k-api/src/main/java/org/cache2k/operation/Scheduler.java:[48,8] [purity.deterministic.void.method] a method without return value cannot be deterministic
[WARNING] /Users/daniel/Documents/njit/WPI-Research/experiments-live/cache2k-wpi/cache2k-api/src/main/java/org/cache2k/operation/Scheduler.java:[57,8] [purity.deterministic.void.method] a method without return value cannot be deterministic
[WARNING] /Users/daniel/Documents/njit/WPI-Research/experiments-live/cache2k-wpi/cache2k-api/src/main/java/org/cache2k/expiry/RefreshAheadPolicy.java:[125,10] [purity.deterministic.void.method] a method without return value cannot be deterministic
[WARNING] /Users/daniel/Documents/njit/WPI-Research/experiments-live/cache2k-wpi/cache2k-api/src/main/java/org/cache2k/io/CacheWriter.java:[48,8] [purity.deterministic.void.method] a method without return value cannot be deterministic
[WARNING] /Users/daniel/Documents/njit/WPI-Research/experiments-live/cache2k-wpi/cache2k-api/src/main/java/org/cache2k/io/CacheWriter.java:[59,8] [purity.deterministic.void.method] a method without return value cannot be deterministic
[WARNING] /Users/daniel/Documents/njit/WPI-Research/experiments-live/cache2k-wpi/cache2k-api/src/main/java/org/cache2k/config/Feature.java:[35,15] [purity.deterministic.void.method] a method without return value cannot be deterministic
[WARNING] /Users/daniel/Documents/njit/WPI-Research/experiments-live/cache2k-wpi/cache2k-api/src/main/java/org/cache2k/config/SectionContainer.java:[85,36] [purity.not.sideeffectfree.call] call to side-effecting getClass().getSimpleName not allowed in side-effect-free method
[WARNING] /Users/daniel/Documents/njit/WPI-Research/experiments-live/cache2k-wpi/cache2k-api/src/main/java/org/cache2k/config/CustomizationReferenceSupplier.java:[44,28] [argument] incompatible argument for parameter arg0 of requireNonNull.
  found   : T extends @Initialized @Nullable Object
  required: T extends @Initialized @NonNull Object
[WARNING] /Users/daniel/Documents/njit/WPI-Research/experiments-live/cache2k-wpi/cache2k-api/src/main/java/org/cache2k/io/AsyncBulkCacheLoader.java:[78,8] [purity.deterministic.void.method] a method without return value cannot be deterministic
[WARNING] /Users/daniel/Documents/njit/WPI-Research/experiments-live/cache2k-wpi/cache2k-api/src/main/java/org/cache2k/io/AsyncBulkCacheLoader.java:[87,16] [purity.deterministic.void.method] a method without return value cannot be deterministic
[WARNING] /Users/daniel/Documents/njit/WPI-Research/experiments-live/cache2k-wpi/cache2k-api/src/main/java/org/cache2k/io/AsyncBulkCacheLoader.java:[88,42] [purity.not.deterministic.not.sideeffectfree.call] call to non-deterministic side-effecting Collections.singleton not allowed in deterministic side-effect-free method
[WARNING] /Users/daniel/Documents/njit/WPI-Research/experiments-live/cache2k-wpi/cache2k-api/src/main/java/org/cache2k/io/AsyncBulkCacheLoader.java:[89,39] [purity.not.deterministic.object.creation] object creation not allowed in deterministic method
[WARNING] /Users/daniel/Documents/njit/WPI-Research/experiments-live/cache2k-wpi/cache2k-api/src/main/java/org/cache2k/io/AsyncBulkCacheLoader.java:[89,39] [purity.not.sideeffectfree.call] call to side-effecting BulkCallback<K, V> not allowed in side-effect-free method
[WARNING] /Users/daniel/Documents/njit/WPI-Research/experiments-live/cache2k-wpi/cache2k-api/src/main/java/org/cache2k/io/AsyncBulkCacheLoader.java:[91,19] [purity.deterministic.void.method] a method without return value cannot be deterministic
[WARNING] /Users/daniel/Documents/njit/WPI-Research/experiments-live/cache2k-wpi/cache2k-api/src/main/java/org/cache2k/io/AsyncBulkCacheLoader.java:[95,66] [purity.not.deterministic.call] call to non-deterministic method data.entrySet not allowed in deterministic method
[WARNING] /Users/daniel/Documents/njit/WPI-Research/experiments-live/cache2k-wpi/cache2k-api/src/main/java/org/cache2k/io/AsyncBulkCacheLoader.java:[95,77] [purity.not.deterministic.call] call to non-deterministic method data.entrySet().iterator not allowed in deterministic method
[WARNING] /Users/daniel/Documents/njit/WPI-Research/experiments-live/cache2k-wpi/cache2k-api/src/main/java/org/cache2k/io/AsyncBulkCacheLoader.java:[95,84] [purity.not.deterministic.not.sideeffectfree.call] call to non-deterministic side-effecting data.entrySet().iterator().next not allowed in deterministic side-effect-free method
[WARNING] /Users/daniel/Documents/njit/WPI-Research/experiments-live/cache2k-wpi/cache2k-api/src/main/java/org/cache2k/io/AsyncBulkCacheLoader.java:[100,19] [purity.deterministic.void.method] a method without return value cannot be deterministic
[WARNING] /Users/daniel/Documents/njit/WPI-Research/experiments-live/cache2k-wpi/cache2k-api/src/main/java/org/cache2k/io/AsyncBulkCacheLoader.java:[101,31] [purity.not.deterministic.not.sideeffectfree.call] call to non-deterministic side-effecting Objects.requireNonNull not allowed in deterministic side-effect-free method
[WARNING] /Users/daniel/Documents/njit/WPI-Research/experiments-live/cache2k-wpi/cache2k-api/src/main/java/org/cache2k/io/AsyncBulkCacheLoader.java:[101,32] [argument] incompatible argument for parameter arg0 of requireNonNull.
  found   : K extends @Initialized @Nullable Object
  required: K extends @Initialized @NonNull Object
[WARNING] /Users/daniel/Documents/njit/WPI-Research/experiments-live/cache2k-wpi/cache2k-api/src/main/java/org/cache2k/io/AsyncBulkCacheLoader.java:[106,19] [purity.deterministic.void.method] a method without return value cannot be deterministic
[WARNING] /Users/daniel/Documents/njit/WPI-Research/experiments-live/cache2k-wpi/cache2k-api/src/main/java/org/cache2k/io/AsyncBulkCacheLoader.java:[111,19] [purity.deterministic.void.method] a method without return value cannot be deterministic
[WARNING] /Users/daniel/Documents/njit/WPI-Research/experiments-live/cache2k-wpi/cache2k-api/src/main/java/org/cache2k/io/AsyncBulkCacheLoader.java:[112,31] [purity.not.deterministic.not.sideeffectfree.call] call to non-deterministic side-effecting Objects.requireNonNull not allowed in deterministic side-effect-free method
[WARNING] /Users/daniel/Documents/njit/WPI-Research/experiments-live/cache2k-wpi/cache2k-api/src/main/java/org/cache2k/io/AsyncBulkCacheLoader.java:[112,32] [argument] incompatible argument for parameter arg0 of requireNonNull.
  found   : K extends @Initialized @Nullable Object
  required: K extends @Initialized @NonNull Object
[WARNING] /Users/daniel/Documents/njit/WPI-Research/experiments-live/cache2k-wpi/cache2k-api/src/main/java/org/cache2k/io/AsyncBulkCacheLoader.java:[116,45] [purity.not.deterministic.object.creation] object creation not allowed in deterministic method
[WARNING] /Users/daniel/Documents/njit/WPI-Research/experiments-live/cache2k-wpi/cache2k-api/src/main/java/org/cache2k/io/AsyncBulkCacheLoader.java:[116,45] [purity.not.sideeffectfree.call] call to side-effecting BulkLoadContext<K, V> not allowed in side-effect-free method
[WARNING] /Users/daniel/Documents/njit/WPI-Research/experiments-live/cache2k-wpi/cache2k-api/src/main/java/org/cache2k/io/AsyncBulkCacheLoader.java:[116,45] [purity.not.deterministic.object.creation] object creation not allowed in deterministic method
[WARNING] /Users/daniel/Documents/njit/WPI-Research/experiments-live/cache2k-wpi/cache2k-api/src/main/java/org/cache2k/io/AsyncBulkCacheLoader.java:[119,40] [purity.not.deterministic.not.sideeffectfree.call] call to non-deterministic side-effecting Collections.singletonMap not allowed in deterministic side-effect-free method
[WARNING] /Users/daniel/Documents/njit/WPI-Research/experiments-live/cache2k-wpi/cache2k-api/src/main/java/org/cache2k/io/AsyncBulkCacheLoader.java:[179,10] [purity.deterministic.void.method] a method without return value cannot be deterministic
[WARNING] /Users/daniel/Documents/njit/WPI-Research/experiments-live/cache2k-wpi/cache2k-api/src/main/java/org/cache2k/io/AsyncBulkCacheLoader.java:[185,10] [purity.deterministic.void.method] a method without return value cannot be deterministic
[WARNING] /Users/daniel/Documents/njit/WPI-Research/experiments-live/cache2k-wpi/cache2k-api/src/main/java/org/cache2k/io/AsyncBulkCacheLoader.java:[197,10] [purity.deterministic.void.method] a method without return value cannot be deterministic
[WARNING] /Users/daniel/Documents/njit/WPI-Research/experiments-live/cache2k-wpi/cache2k-api/src/main/java/org/cache2k/io/AsyncBulkCacheLoader.java:[207,18] [purity.deterministic.void.method] a method without return value cannot be deterministic
[WARNING] /Users/daniel/Documents/njit/WPI-Research/experiments-live/cache2k-wpi/cache2k-api/src/main/java/org/cache2k/io/AsyncBulkCacheLoader.java:[214,10] [purity.deterministic.void.method] a method without return value cannot be deterministic
[WARNING] /Users/daniel/Documents/njit/WPI-Research/experiments-live/cache2k-wpi/cache2k-api/src/main/java/org/cache2k/io/BulkCacheLoader.java:[57,41] [purity.not.deterministic.not.sideeffectfree.call] call to non-deterministic side-effecting Collections.singleton not allowed in deterministic side-effect-free method
[WARNING] /Users/daniel/Documents/njit/WPI-Research/experiments-live/cache2k-wpi/cache2k-api/src/main/java/org/cache2k/io/BulkCacheLoader.java:[57,51] [return] incompatible types in return.
  type of expression: V[ extends @Initialized @Nullable Object super @Initialized @Nullable Void]
  method return type: V[ extends @Initialized @Nullable Object super @Initialized @NonNull Void]
[WARNING] /Users/daniel/Documents/njit/WPI-Research/experiments-live/cache2k-wpi/cache2k-api/src/main/java/org/cache2k/io/BulkCacheLoader.java:[57,52] [argument] incompatible argument for parameter arg0 of get.
  found   : K extends @Initialized @Nullable Object
  required: @Initialized @NonNull Object
[WARNING] /Users/daniel/Documents/njit/WPI-Research/experiments-live/cache2k-wpi/cache2k-api/src/main/java/org/cache2k/config/ToggleFeature.java:[77,16] [return] incompatible types in return.
  type of expression: T extends @Initialized @NonNull ToggleFeature
  method return type: T extends @Initialized @Nullable ToggleFeature
[WARNING] /Users/daniel/Documents/njit/WPI-Research/experiments-live/cache2k-wpi/cache2k-api/src/main/java/org/cache2k/config/ToggleFeature.java:[104,28] [purity.deterministic.void.method] a method without return value cannot be deterministic
[WARNING] /Users/daniel/Documents/njit/WPI-Research/experiments-live/cache2k-wpi/cache2k-api/src/main/java/org/cache2k/config/ToggleFeature.java:[110,34] [purity.deterministic.void.method] a method without return value cannot be deterministic
[WARNING] /Users/daniel/Documents/njit/WPI-Research/experiments-live/cache2k-wpi/cache2k-api/src/main/java/org/cache2k/config/ToggleFeature.java:[150,36] [purity.not.sideeffectfree.call] call to side-effecting getClass().getSimpleName not allowed in side-effect-free method
[WARNING] /Users/daniel/Documents/njit/WPI-Research/experiments-live/cache2k-wpi/cache2k-api/src/main/java/org/cache2k/event/CacheEntryExpiredListener.java:[44,8] [purity.deterministic.void.method] a method without return value cannot be deterministic
[WARNING] /Users/daniel/Documents/njit/WPI-Research/experiments-live/cache2k-wpi/cache2k-api/src/main/java/org/cache2k/config/CustomizationSupplierByClassName.java:[69,15] [purity.deterministic.void.method] a method without return value cannot be deterministic
[WARNING] /Users/daniel/Documents/njit/WPI-Research/experiments-live/cache2k-wpi/cache2k-api/src/main/java/org/cache2k/config/CustomizationSupplierByClassName.java:[84,19] [purity.not.deterministic.not.sideeffectfree.call] call to non-deterministic side-effecting ctx.getCacheManager().getClassLoader().loadClass not allowed in deterministic side-effect-free method
[WARNING] /Users/daniel/Documents/njit/WPI-Research/experiments-live/cache2k-wpi/cache2k-api/src/main/java/org/cache2k/config/CustomizationSupplierByClassName.java:[84,70] [purity.not.deterministic.not.sideeffectfree.call] call to non-deterministic side-effecting ctx.getCacheManager().getClassLoader().loadClass(checkNull(className)).getConstructor().newInstance not allowed in deterministic side-effect-free method
[WARNING] /Users/daniel/Documents/njit/WPI-Research/experiments-live/cache2k-wpi/cache2k-api/src/main/java/org/cache2k/config/CustomizationSupplierByClassName.java:[85,7] [purity.not.deterministic.catch] catch block not allowed in deterministic method
[WARNING] /Users/daniel/Documents/njit/WPI-Research/experiments-live/cache2k-wpi/cache2k-api/src/main/java/org/cache2k/config/ValidatingConfigBean.java:[37,8] [purity.deterministic.void.method] a method without return value cannot be deterministic
[WARNING] /Users/daniel/Documents/njit/WPI-Research/experiments-live/cache2k-wpi/cache2k-api/src/main/java/org/cache2k/ForwardingCache.java:[80,15] [purity.deterministic.void.method] a method without return value cannot be deterministic
[WARNING] /Users/daniel/Documents/njit/WPI-Research/experiments-live/cache2k-wpi/cache2k-api/src/main/java/org/cache2k/ForwardingCache.java:[120,15] [purity.deterministic.void.method] a method without return value cannot be deterministic
[WARNING] /Users/daniel/Documents/njit/WPI-Research/experiments-live/cache2k-wpi/cache2k-api/src/main/java/org/cache2k/ForwardingCache.java:[130,15] [purity.deterministic.void.method] a method without return value cannot be deterministic
[WARNING] /Users/daniel/Documents/njit/WPI-Research/experiments-live/cache2k-wpi/cache2k-api/src/main/java/org/cache2k/ForwardingCache.java:[140,15] [purity.deterministic.void.method] a method without return value cannot be deterministic
[WARNING] /Users/daniel/Documents/njit/WPI-Research/experiments-live/cache2k-wpi/cache2k-api/src/main/java/org/cache2k/ForwardingCache.java:[161,15] [purity.deterministic.void.method] a method without return value cannot be deterministic
[WARNING] /Users/daniel/Documents/njit/WPI-Research/experiments-live/cache2k-wpi/cache2k-api/src/main/java/org/cache2k/ForwardingCache.java:[172,15] [purity.deterministic.void.method] a method without return value cannot be deterministic
[WARNING] /Users/daniel/Documents/njit/WPI-Research/experiments-live/cache2k-wpi/cache2k-api/src/main/java/org/cache2k/ForwardingCache.java:[187,15] [purity.deterministic.void.method] a method without return value cannot be deterministic
[WARNING] /Users/daniel/Documents/njit/WPI-Research/experiments-live/cache2k-wpi/cache2k-api/src/main/java/org/cache2k/ForwardingCache.java:[202,15] [purity.deterministic.void.method] a method without return value cannot be deterministic
[WARNING] /Users/daniel/Documents/njit/WPI-Research/experiments-live/cache2k-wpi/cache2k-api/src/main/java/org/cache2k/ForwardingCache.java:[207,15] [purity.deterministic.void.method] a method without return value cannot be deterministic
[WARNING] /Users/daniel/Documents/njit/WPI-Research/experiments-live/cache2k-wpi/cache2k-api/src/main/java/org/cache2k/ForwardingCache.java:[212,15] [purity.deterministic.void.method] a method without return value cannot be deterministic
[WARNING] /Users/daniel/Documents/njit/WPI-Research/experiments-live/cache2k-wpi/cache2k-api/src/main/java/org/cache2k/ForwardingCache.java:[232,24] [type.argument] incompatible type argument for type parameter K of ConcurrentMap.
  found   : K extends @Initialized @Nullable Object
  required: @Initialized @NonNull Object
[WARNING] /Users/daniel/Documents/njit/WPI-Research/experiments-live/cache2k-wpi/cache2k-api/src/main/java/org/cache2k/ForwardingCache.java:[232,27] [type.argument] incompatible type argument for type parameter V of ConcurrentMap.
  found   : V extends @Initialized @Nullable Object
  required: @Initialized @NonNull Object
[WARNING] /Users/daniel/Documents/njit/WPI-Research/experiments-live/cache2k-wpi/cache2k-api/src/main/java/org/cache2k/ForwardingCache.java:[241,41] [purity.not.deterministic.not.sideeffectfree.call] call to non-deterministic side-effecting this.getClass().getSimpleName not allowed in deterministic side-effect-free method
[WARNING] /Users/daniel/Documents/njit/WPI-Research/experiments-live/cache2k-wpi/cache2k-api/src/main/java/org/cache2k/event/CacheEntryEvictedListener.java:[41,8] [purity.deterministic.void.method] a method without return value cannot be deterministic
[WARNING] /Users/daniel/Documents/njit/WPI-Research/experiments-live/cache2k-wpi/cache2k-api/src/main/java/org/cache2k/event/CacheEntryUpdatedListener.java:[49,8] [purity.deterministic.void.method] a method without return value cannot be deterministic
[WARNING] /Users/daniel/Documents/njit/WPI-Research/experiments-live/cache2k-wpi/cache2k-api/src/main/java/org/cache2k/event/CacheEntryCreatedListener.java:[47,8] [purity.deterministic.void.method] a method without return value cannot be deterministic
[WARNING] Parameter 'compileSourceRoots' is read-only, must not be used in configuration
[WARNING] **************************************************************************************************************************************************************************
[WARNING] * Required filename-based automodules detected: [jsr305-3.0.2.jar, kotlin-annotations-jvm-1.6.0.jar]. Please don't publish this project to a public artifact repository! *
[WARNING] **************************************************************************************************************************************************************************